{"level":"info","message":"⌛ Validating blacksails.wlk","timeElapsed":150,"timestamp":"2024-11-16T04:02:54.435Z"}
{"level":"info","message":"onRequest - completionItem/resolve","timestamp":"2024-11-16T04:02:54.436Z"}
{"level":"info","message":"⌛ Validating blacksails.wlk","timeElapsed":116,"timestamp":"2024-11-16T04:02:54.553Z"}
{"level":"info","message":"⌛ Building environment","timeElapsed":109,"timestamp":"2024-11-16T04:02:54.664Z"}
{"level":"info","message":"onRequest - completionItem/resolve","timestamp":"2024-11-16T04:02:54.668Z"}
{"level":"info","message":"onRequest - completionItem/resolve","timestamp":"2024-11-16T04:02:54.764Z"}
{"level":"info","message":"⌛ Building environment","timeElapsed":104,"timestamp":"2024-11-16T04:02:54.868Z"}
{"level":"info","message":"onRequest - completionItem/resolve","timestamp":"2024-11-16T04:02:54.872Z"}
{"level":"info","message":"⌛ Validating blacksails.wlk","timeElapsed":108,"timestamp":"2024-11-16T04:02:54.980Z"}
{"level":"info","message":"⌛ Validating blacksails.wlk","timeElapsed":113,"timestamp":"2024-11-16T04:02:55.099Z"}
{"level":"info","message":"⌛ Validating blacksails.wlk","timeElapsed":110,"timestamp":"2024-11-16T04:02:55.209Z"}
{"level":"info","message":"⌛ Building environment","timeElapsed":116,"timestamp":"2024-11-16T04:03:08.749Z"}
{"level":"info","message":"⌛ Validating blacksails.wlk","timeElapsed":113,"timestamp":"2024-11-16T04:03:09.002Z"}
{"level":"info","message":"onRequest - completionItem/resolve","timestamp":"2024-11-16T04:03:09.003Z"}
{"level":"info","message":"onRequest - completionItem/resolve","timestamp":"2024-11-16T04:03:09.094Z"}
{"level":"info","message":"⌛ Validating blacksails.wlk","timeElapsed":115,"timestamp":"2024-11-16T04:03:09.210Z"}
{"level":"info","message":"onRequest - completionItem/resolve","timestamp":"2024-11-16T04:03:09.305Z"}
{"level":"info","message":"⌛ Validating blacksails.wlk","timeElapsed":112,"timestamp":"2024-11-16T04:03:09.417Z"}
{"level":"info","message":"onRequest - completionItem/resolve","timestamp":"2024-11-16T04:03:09.510Z"}
{"level":"info","message":"⌛ Validating blacksails.wlk","timeElapsed":180,"timestamp":"2024-11-16T04:03:09.691Z"}
{"level":"info","message":"⌛ Validating blacksails.wlk","timeElapsed":109,"timestamp":"2024-11-16T04:03:09.801Z"}
{"level":"info","message":"onRequest - completionItem/resolve","timestamp":"2024-11-16T04:03:09.899Z"}
{"level":"info","message":"⌛ Validating blacksails.wlk","timeElapsed":111,"timestamp":"2024-11-16T04:03:10.016Z"}
{"level":"info","message":"⌛ Building environment","timeElapsed":141,"timestamp":"2024-11-16T04:03:12.339Z"}
{"level":"info","message":"⌛ Validating blacksails.wlk","timeElapsed":111,"timestamp":"2024-11-16T04:03:12.454Z"}
{"level":"info","message":"⌛ Validating blacksails.wlk","timeElapsed":114,"timestamp":"2024-11-16T04:03:12.657Z"}
{"level":"info","message":"⌛ Validating blacksails.wlk","timeElapsed":113,"timestamp":"2024-11-16T04:03:12.864Z"}
{"level":"info","message":"⌛ Validating blacksails.wlk","timeElapsed":118,"timestamp":"2024-11-16T04:03:13.205Z"}
{"level":"info","message":"onRequest - completionItem/resolve","timestamp":"2024-11-16T04:03:13.205Z"}
{"level":"info","message":"⌛ Validating blacksails.wlk","timeElapsed":114,"timestamp":"2024-11-16T04:03:13.430Z"}
{"level":"info","message":"⌛ Validating blacksails.wlk","timeElapsed":108,"timestamp":"2024-11-16T04:03:13.740Z"}
{"level":"info","message":"⌛ Validating blacksails.wlk","timeElapsed":132,"timestamp":"2024-11-16T04:03:13.900Z"}
{"level":"info","message":"⌛ Building environment","timeElapsed":117,"timestamp":"2024-11-16T04:03:14.121Z"}
{"level":"info","message":"⌛ Validating blacksails.wlk","timeElapsed":126,"timestamp":"2024-11-16T04:03:14.270Z"}
{"level":"info","message":"⌛ Building environment","timeElapsed":129,"timestamp":"2024-11-16T04:03:14.705Z"}
{"level":"info","message":"⌛ Validating blacksails.wlk","timeElapsed":113,"timestamp":"2024-11-16T04:03:14.929Z"}
{"level":"info","message":"⌛ Validating blacksails.wlk","timeElapsed":120,"timestamp":"2024-11-16T04:03:15.051Z"}
{"level":"info","message":"⌛ Building environment","timeElapsed":105,"timestamp":"2024-11-16T04:03:15.254Z"}
{"level":"info","message":"⌛ Validating blacksails.wlk","timeElapsed":109,"timestamp":"2024-11-16T04:03:15.469Z"}
{"level":"info","message":"⌛ Validating blacksails.wlk","timeElapsed":110,"timestamp":"2024-11-16T04:03:15.580Z"}
{"level":"info","message":"⌛ Validating blacksails.wlk","timeElapsed":110,"timestamp":"2024-11-16T04:03:15.694Z"}
{"level":"info","message":"⌛ Validating blacksails.wlk","timeElapsed":130,"timestamp":"2024-11-16T04:03:19.361Z"}
{"level":"info","message":"⌛ Validating blacksails.wlk","timeElapsed":113,"timestamp":"2024-11-16T04:03:21.666Z"}
{"level":"info","message":"⌛ Validating blacksails.wlk","timeElapsed":120,"timestamp":"2024-11-16T04:03:24.037Z"}
{"level":"info","message":"onRequest - completionItem/resolve","timestamp":"2024-11-16T04:03:24.037Z"}
{"level":"info","message":"onRequest - completionItem/resolve","timestamp":"2024-11-16T04:03:24.132Z"}
{"level":"info","message":"⌛ Building environment","timeElapsed":125,"timestamp":"2024-11-16T04:03:24.257Z"}
{"level":"info","message":"onRequest - completionItem/resolve","timestamp":"2024-11-16T04:03:24.261Z"}
{"level":"info","message":"⌛ Validating blacksails.wlk","timeElapsed":120,"timestamp":"2024-11-16T04:03:24.380Z"}
{"level":"info","message":"⌛ Building environment","timeElapsed":114,"timestamp":"2024-11-16T04:03:24.494Z"}
{"level":"info","message":"onRequest - completionItem/resolve","timestamp":"2024-11-16T04:03:24.495Z"}
{"level":"info","message":"⌛ Validating blacksails.wlk","timeElapsed":111,"timestamp":"2024-11-16T04:03:24.605Z"}
{"level":"info","message":"onRequest - completionItem/resolve","timestamp":"2024-11-16T04:03:24.702Z"}
{"level":"info","message":"onRequest - completionItem/resolve","timestamp":"2024-11-16T04:03:24.790Z"}
{"level":"info","message":"⌛ Validating blacksails.wlk","timeElapsed":119,"timestamp":"2024-11-16T04:03:24.910Z"}
{"level":"info","message":"⌛ Validating blacksails.wlk","timeElapsed":120,"timestamp":"2024-11-16T04:03:25.035Z"}
{"level":"info","message":"⌛ Validating blacksails.wlk","timeElapsed":138,"timestamp":"2024-11-16T04:03:25.174Z"}
{"level":"info","message":"⌛ Building environment","timeElapsed":109,"timestamp":"2024-11-16T04:03:25.284Z"}
{"level":"info","message":"onRequest - completionItem/resolve","timestamp":"2024-11-16T04:03:25.285Z"}
{"level":"info","message":"⌛ Validating blacksails.wlk","timeElapsed":116,"timestamp":"2024-11-16T04:03:25.407Z"}
{"level":"info","message":"⌛ Building environment","timeElapsed":102,"timestamp":"2024-11-16T04:03:29.557Z"}
{"level":"info","message":"⌛ Validating blacksails.wlk","timeElapsed":123,"timestamp":"2024-11-16T04:03:29.682Z"}
{"level":"info","message":"⌛ Validating blacksails.wlk","timeElapsed":128,"timestamp":"2024-11-16T04:03:30.021Z"}
{"level":"info","message":"onRequest - completionItem/resolve","timestamp":"2024-11-16T04:03:30.021Z"}
{"level":"info","message":"⌛ Validating blacksails.wlk","timeElapsed":117,"timestamp":"2024-11-16T04:03:30.138Z"}
{"level":"info","message":"⌛ Building environment","timeElapsed":108,"timestamp":"2024-11-16T04:03:30.252Z"}
{"level":"info","message":"onRequest - completionItem/resolve","timestamp":"2024-11-16T04:03:30.252Z"}
{"level":"info","message":"⌛ Validating blacksails.wlk","timeElapsed":130,"timestamp":"2024-11-16T04:03:30.387Z"}
{"level":"info","message":"⌛ Building environment","timeElapsed":115,"timestamp":"2024-11-16T04:03:30.503Z"}
{"level":"info","message":"onRequest - completionItem/resolve","timestamp":"2024-11-16T04:03:30.503Z"}
{"level":"info","message":"onRequest - completionItem/resolve","timestamp":"2024-11-16T04:03:30.598Z"}
{"level":"info","message":"⌛ Validating blacksails.wlk","timeElapsed":133,"timestamp":"2024-11-16T04:03:30.730Z"}
{"level":"info","message":"⌛ Validating blacksails.wlk","timeElapsed":117,"timestamp":"2024-11-16T04:03:30.847Z"}
{"level":"info","message":"onRequest - completionItem/resolve","timestamp":"2024-11-16T04:03:30.947Z"}
{"level":"info","message":"onRequest - completionItem/resolve","timestamp":"2024-11-16T04:03:31.036Z"}
{"level":"info","message":"onRequest - completionItem/resolve","timestamp":"2024-11-16T04:03:31.127Z"}
{"level":"info","message":"⌛ Validating blacksails.wlk","timeElapsed":118,"timestamp":"2024-11-16T04:03:31.245Z"}
{"level":"info","message":"⌛ Validating blacksails.wlk","timeElapsed":113,"timestamp":"2024-11-16T04:03:31.358Z"}
{"level":"info","message":"⌛ Validating blacksails.wlk","timeElapsed":116,"timestamp":"2024-11-16T04:03:31.474Z"}
{"level":"info","message":"⌛ Validating blacksails.wlk","timeElapsed":113,"timestamp":"2024-11-16T04:03:31.690Z"}
{"level":"info","message":"⌛ Building environment","timeElapsed":117,"timestamp":"2024-11-16T04:03:34.600Z"}
{"level":"info","message":"⌛ Validating blacksails.wlk","timeElapsed":111,"timestamp":"2024-11-16T04:03:34.712Z"}
{"level":"info","message":"⌛ Building environment","timeElapsed":135,"timestamp":"2024-11-16T04:03:34.935Z"}
{"level":"info","message":"⌛ Validating blacksails.wlk","timeElapsed":117,"timestamp":"2024-11-16T04:03:35.061Z"}
{"level":"info","message":"⌛ Validating blacksails.wlk","timeElapsed":116,"timestamp":"2024-11-16T04:03:35.268Z"}
{"level":"info","message":"⌛ Validating blacksails.wlk","timeElapsed":144,"timestamp":"2024-11-16T04:03:36.136Z"}
{"level":"info","message":"⌛ Building environment","timeElapsed":114,"timestamp":"2024-11-16T04:03:36.251Z"}
{"level":"info","message":"⌛ Validating blacksails.wlk","timeElapsed":115,"timestamp":"2024-11-16T04:03:36.366Z"}
{"level":"info","message":"⌛ Validating blacksails.wlk","timeElapsed":172,"timestamp":"2024-11-16T04:03:37.905Z"}
{"level":"info","message":"⌛ Building environment","timeElapsed":101,"timestamp":"2024-11-16T04:03:38.010Z"}
{"level":"info","message":"⌛ Validating blacksails.wlk","timeElapsed":116,"timestamp":"2024-11-16T04:03:38.129Z"}
{"level":"info","message":"⌛ Building environment","timeElapsed":104,"timestamp":"2024-11-16T04:03:41.042Z"}
{"level":"info","message":"⌛ Validating blacksails.wlk","timeElapsed":111,"timestamp":"2024-11-16T04:03:41.155Z"}
{"level":"info","message":"⌛ Validating blacksails.wlk","timeElapsed":114,"timestamp":"2024-11-16T04:03:41.382Z"}
{"level":"info","message":"⌛ Validating blacksails.wlk","timeElapsed":118,"timestamp":"2024-11-16T04:03:41.594Z"}
{"level":"info","message":"⌛ Building environment","timeElapsed":155,"timestamp":"2024-11-16T04:03:41.844Z"}
{"level":"info","message":"⌛ Validating blacksails.wlk","timeElapsed":131,"timestamp":"2024-11-16T04:03:41.976Z"}
{"level":"info","message":"⌛ Validating blacksails.wlk","timeElapsed":128,"timestamp":"2024-11-16T04:03:42.105Z"}
{"level":"info","message":"⌛ Validating blacksails.wlk","timeElapsed":121,"timestamp":"2024-11-16T04:03:42.734Z"}
{"level":"info","message":"⌛ Validating blacksails.wlk","timeElapsed":119,"timestamp":"2024-11-16T04:03:43.420Z"}
{"level":"info","message":"onRequest - completionItem/resolve","timestamp":"2024-11-16T04:03:43.421Z"}
{"level":"info","message":"⌛ Building environment","timeElapsed":122,"timestamp":"2024-11-16T04:03:43.543Z"}
{"level":"info","message":"onRequest - completionItem/resolve","timestamp":"2024-11-16T04:03:43.544Z"}
{"level":"info","message":"onRequest - completionItem/resolve","timestamp":"2024-11-16T04:03:43.636Z"}
{"level":"info","message":"⌛ Validating blacksails.wlk","timeElapsed":165,"timestamp":"2024-11-16T04:03:43.801Z"}
{"level":"info","message":"onRequest - completionItem/resolve","timestamp":"2024-11-16T04:03:43.896Z"}
{"level":"info","message":"⌛ Validating blacksails.wlk","timeElapsed":115,"timestamp":"2024-11-16T04:03:44.011Z"}
{"level":"info","message":"onRequest - completionItem/resolve","timestamp":"2024-11-16T04:03:44.101Z"}
{"level":"error","message":"✘ Failed to rebuild document Failed to parse blacksails.wlk: \n-- PARSING FAILED --------------------------------------------------\n\n  12 |     method velocidad() = 150 000\n  13 |     method\n> 14 | }\n     | ^\n  15 | \n  16 | class HombreLobo inherits Monstruo{\n\nExpected one of the following: \n\n'!=', '!==', '%', '&&', '*', '**', '+', '-', '->', '..', '..<', '/', '<', '<<', '<<<', '<=', '<=>', '<>', '==', '===', '>', '>..', '>=', '>>', '>>>', '?:', '@', 'and', 'class', 'const', 'describe', 'invert', 'mixin', 'negate', 'object', 'only', 'or', 'package', 'plus', 'program', 'test', 'var', '{', '||', EOF, comment, identifier, not \"}\r\n\r\n\", whitespace\n","stack":"Error: Failed to parse blacksails.wlk: \n-- PARSING FAILED --------------------------------------------------\n\n  12 |     method velocidad() = 150 000\n  13 |     method\n> 14 | }\n     | ^\n  15 | \n  16 | class HombreLobo inherits Monstruo{\n\nExpected one of the following: \n\n'!=', '!==', '%', '&&', '*', '**', '+', '-', '->', '..', '..<', '/', '<', '<<', '<<<', '<=', '<=>', '<>', '==', '===', '>', '>..', '>=', '>>', '>>>', '?:', '@', 'and', 'class', 'const', 'describe', 'invert', 'mixin', 'negate', 'object', 'only', 'or', 'package', 'plus', 'program', 'test', 'var', '{', '||', EOF, comment, identifier, not \"}\r\n\r\n\", whitespace\n\n    at c:\\Users\\chest\\.vscode\\extensions\\uqbar.wollok-lsp-ide-0.3.6\\out\\server\\src\\server.js:2254:32415\n    at Array.map (<anonymous>)\n    at Jfn (c:\\Users\\chest\\.vscode\\extensions\\uqbar.wollok-lsp-ide-0.3.6\\out\\server\\src\\server.js:2254:32339)\n    at k2.buildEnvironmentFrom (c:\\Users\\chest\\.vscode\\extensions\\uqbar.wollok-lsp-ide-0.3.6\\out\\server\\src\\server.js:2285:6721)\n    at k2.updateEnvironmentWith (c:\\Users\\chest\\.vscode\\extensions\\uqbar.wollok-lsp-ide-0.3.6\\out\\server\\src\\server.js:2285:6456)\n    at jL (c:\\Users\\chest\\.vscode\\extensions\\uqbar.wollok-lsp-ide-0.3.6\\out\\server\\src\\server.js:2298:2292)\n    at v3.invoke (c:\\Users\\chest\\.vscode\\extensions\\uqbar.wollok-lsp-ide-0.3.6\\out\\server\\src\\server.js:3:157200)\n    at o.fire (c:\\Users\\chest\\.vscode\\extensions\\uqbar.wollok-lsp-ide-0.3.6\\out\\server\\src\\server.js:3:157970)\n    at c:\\Users\\chest\\.vscode\\extensions\\uqbar.wollok-lsp-ide-0.3.6\\out\\server\\src\\server.js:37:57871\n    at Vr (c:\\Users\\chest\\.vscode\\extensions\\uqbar.wollok-lsp-ide-0.3.6\\out\\server\\src\\server.js:8:1561)","timestamp":"2024-11-16T04:03:44.106Z"}
{"level":"info","message":"onRequest - completionItem/resolve","timestamp":"2024-11-16T04:03:44.108Z"}
{"level":"info","message":"⌛ Validating blacksails.wlk","timeElapsed":115,"timestamp":"2024-11-16T04:03:44.224Z"}
{"level":"info","message":"⌛ Validating blacksails.wlk","timeElapsed":118,"timestamp":"2024-11-16T04:03:44.342Z"}
{"level":"error","message":"✘ Failed to rebuild document Failed to parse blacksails.wlk: \n-- PARSING FAILED --------------------------------------------------\n\n  12 |     method velocidad() = 150 000\n  13 |     method \n> 14 | }\n     | ^\n  15 | \n  16 | class HombreLobo inherits Monstruo{\n\nExpected one of the following: \n\n'!=', '!==', '%', '&&', '*', '**', '+', '-', '->', '..', '..<', '/', '<', '<<', '<<<', '<=', '<=>', '<>', '==', '===', '>', '>..', '>=', '>>', '>>>', '?:', '@', 'and', 'class', 'const', 'describe', 'invert', 'mixin', 'negate', 'object', 'only', 'or', 'package', 'plus', 'program', 'test', 'var', '{', '||', EOF, comment, identifier, not \"}\r\n\r\n\", whitespace\n","stack":"Error: Failed to parse blacksails.wlk: \n-- PARSING FAILED --------------------------------------------------\n\n  12 |     method velocidad() = 150 000\n  13 |     method \n> 14 | }\n     | ^\n  15 | \n  16 | class HombreLobo inherits Monstruo{\n\nExpected one of the following: \n\n'!=', '!==', '%', '&&', '*', '**', '+', '-', '->', '..', '..<', '/', '<', '<<', '<<<', '<=', '<=>', '<>', '==', '===', '>', '>..', '>=', '>>', '>>>', '?:', '@', 'and', 'class', 'const', 'describe', 'invert', 'mixin', 'negate', 'object', 'only', 'or', 'package', 'plus', 'program', 'test', 'var', '{', '||', EOF, comment, identifier, not \"}\r\n\r\n\", whitespace\n\n    at c:\\Users\\chest\\.vscode\\extensions\\uqbar.wollok-lsp-ide-0.3.6\\out\\server\\src\\server.js:2254:32415\n    at Array.map (<anonymous>)\n    at Jfn (c:\\Users\\chest\\.vscode\\extensions\\uqbar.wollok-lsp-ide-0.3.6\\out\\server\\src\\server.js:2254:32339)\n    at k2.buildEnvironmentFrom (c:\\Users\\chest\\.vscode\\extensions\\uqbar.wollok-lsp-ide-0.3.6\\out\\server\\src\\server.js:2285:6721)\n    at k2.updateEnvironmentWith (c:\\Users\\chest\\.vscode\\extensions\\uqbar.wollok-lsp-ide-0.3.6\\out\\server\\src\\server.js:2285:6456)\n    at jL (c:\\Users\\chest\\.vscode\\extensions\\uqbar.wollok-lsp-ide-0.3.6\\out\\server\\src\\server.js:2298:2292)\n    at v3.invoke (c:\\Users\\chest\\.vscode\\extensions\\uqbar.wollok-lsp-ide-0.3.6\\out\\server\\src\\server.js:3:157200)\n    at o.fire (c:\\Users\\chest\\.vscode\\extensions\\uqbar.wollok-lsp-ide-0.3.6\\out\\server\\src\\server.js:3:157970)\n    at c:\\Users\\chest\\.vscode\\extensions\\uqbar.wollok-lsp-ide-0.3.6\\out\\server\\src\\server.js:37:57871\n    at Vr (c:\\Users\\chest\\.vscode\\extensions\\uqbar.wollok-lsp-ide-0.3.6\\out\\server\\src\\server.js:8:1561)","timestamp":"2024-11-16T04:03:44.992Z"}
{"level":"info","message":"onRequest - completionItem/resolve","timestamp":"2024-11-16T04:03:44.992Z"}
{"level":"info","message":"⌛ Validating blacksails.wlk","timeElapsed":141,"timestamp":"2024-11-16T04:03:45.887Z"}
{"level":"info","message":"⌛ Building environment","timeElapsed":170,"timestamp":"2024-11-16T04:03:46.058Z"}
{"level":"info","message":"⌛ Validating blacksails.wlk","timeElapsed":119,"timestamp":"2024-11-16T04:03:46.200Z"}
{"level":"info","message":"⌛ Building environment","timeElapsed":102,"timestamp":"2024-11-16T04:03:46.303Z"}
{"level":"info","message":"⌛ Validating blacksails.wlk","timeElapsed":116,"timestamp":"2024-11-16T04:03:46.441Z"}
{"level":"info","message":"⌛ Validating blacksails.wlk","timeElapsed":119,"timestamp":"2024-11-16T04:03:46.663Z"}
{"level":"info","message":"⌛ Validating blacksails.wlk","timeElapsed":119,"timestamp":"2024-11-16T04:03:46.977Z"}
{"level":"info","message":"⌛ Validating blacksails.wlk","timeElapsed":114,"timestamp":"2024-11-16T04:03:47.216Z"}
{"level":"info","message":"⌛ Validating blacksails.wlk","timeElapsed":158,"timestamp":"2024-11-16T04:03:47.678Z"}
{"level":"info","message":"⌛ Validating blacksails.wlk","timeElapsed":111,"timestamp":"2024-11-16T04:03:47.885Z"}
{"level":"info","message":"⌛ Validating blacksails.wlk","timeElapsed":120,"timestamp":"2024-11-16T04:03:48.005Z"}
{"level":"info","message":"⌛ Building environment","timeElapsed":159,"timestamp":"2024-11-16T04:03:48.167Z"}
{"level":"info","message":"⌛ Validating blacksails.wlk","timeElapsed":131,"timestamp":"2024-11-16T04:03:48.322Z"}
{"level":"info","message":"⌛ Building environment","timeElapsed":107,"timestamp":"2024-11-16T04:03:48.524Z"}
{"level":"info","message":"⌛ Validating blacksails.wlk","timeElapsed":128,"timestamp":"2024-11-16T04:03:48.653Z"}
{"level":"info","message":"⌛ Validating blacksails.wlk","timeElapsed":120,"timestamp":"2024-11-16T04:03:48.949Z"}
{"level":"info","message":"⌛ Validating blacksails.wlk","timeElapsed":116,"timestamp":"2024-11-16T04:03:49.162Z"}
{"level":"info","message":"⌛ Validating blacksails.wlk","timeElapsed":114,"timestamp":"2024-11-16T04:03:49.278Z"}
{"level":"info","message":"⌛ Validating blacksails.wlk","timeElapsed":116,"timestamp":"2024-11-16T04:03:49.394Z"}
{"level":"info","message":"⌛ Validating blacksails.wlk","timeElapsed":122,"timestamp":"2024-11-16T04:03:49.516Z"}
{"level":"info","message":"⌛ Validating blacksails.wlk","timeElapsed":119,"timestamp":"2024-11-16T04:03:49.635Z"}
{"level":"info","message":"⌛ Validating blacksails.wlk","timeElapsed":114,"timestamp":"2024-11-16T04:03:50.015Z"}
{"level":"info","message":"⌛ Validating blacksails.wlk","timeElapsed":122,"timestamp":"2024-11-16T04:03:50.278Z"}
{"level":"info","message":"⌛ Building environment","timeElapsed":134,"timestamp":"2024-11-16T04:03:50.415Z"}
{"level":"info","message":"⌛ Validating blacksails.wlk","timeElapsed":119,"timestamp":"2024-11-16T04:03:50.538Z"}
{"level":"info","message":"⌛ Validating blacksails.wlk","timeElapsed":113,"timestamp":"2024-11-16T04:03:50.846Z"}
{"level":"info","message":"⌛ Validating blacksails.wlk","timeElapsed":117,"timestamp":"2024-11-16T04:03:50.964Z"}
{"level":"info","message":"⌛ Validating blacksails.wlk","timeElapsed":128,"timestamp":"2024-11-16T04:03:51.365Z"}
{"level":"info","message":"⌛ Validating blacksails.wlk","timeElapsed":112,"timestamp":"2024-11-16T04:03:51.665Z"}
{"level":"info","message":"⌛ Validating blacksails.wlk","timeElapsed":119,"timestamp":"2024-11-16T04:03:51.784Z"}
{"level":"info","message":"⌛ Validating blacksails.wlk","timeElapsed":135,"timestamp":"2024-11-16T04:03:52.105Z"}
{"level":"info","message":"⌛ Validating blacksails.wlk","timeElapsed":123,"timestamp":"2024-11-16T04:03:52.230Z"}
{"level":"info","message":"⌛ Building environment","timeElapsed":119,"timestamp":"2024-11-16T04:03:52.354Z"}
{"level":"info","message":"⌛ Validating blacksails.wlk","timeElapsed":156,"timestamp":"2024-11-16T04:03:52.607Z"}
{"level":"info","message":"⌛ Validating blacksails.wlk","timeElapsed":123,"timestamp":"2024-11-16T04:03:52.731Z"}
{"level":"info","message":"⌛ Building environment","timeElapsed":102,"timestamp":"2024-11-16T04:03:52.833Z"}
{"level":"info","message":"⌛ Validating blacksails.wlk","timeElapsed":113,"timestamp":"2024-11-16T04:03:53.040Z"}
{"level":"info","message":"⌛ Validating blacksails.wlk","timeElapsed":113,"timestamp":"2024-11-16T04:03:53.155Z"}
{"level":"info","message":"⌛ Validating blacksails.wlk","timeElapsed":115,"timestamp":"2024-11-16T04:03:57.378Z"}
{"level":"info","message":"⌛ Validating blacksails.wlk","timeElapsed":116,"timestamp":"2024-11-16T04:03:57.683Z"}
{"level":"info","message":"⌛ Validating blacksails.wlk","timeElapsed":131,"timestamp":"2024-11-16T04:03:57.909Z"}
{"level":"info","message":"⌛ Validating blacksails.wlk","timeElapsed":114,"timestamp":"2024-11-16T04:03:58.025Z"}
{"level":"info","message":"⌛ Building environment","timeElapsed":126,"timestamp":"2024-11-16T04:03:58.152Z"}
{"level":"info","message":"⌛ Validating blacksails.wlk","timeElapsed":123,"timestamp":"2024-11-16T04:03:58.373Z"}
{"level":"info","message":"⌛ Validating blacksails.wlk","timeElapsed":147,"timestamp":"2024-11-16T04:03:58.710Z"}
{"level":"info","message":"⌛ Validating blacksails.wlk","timeElapsed":112,"timestamp":"2024-11-16T04:03:58.911Z"}
{"level":"info","message":"⌛ Validating blacksails.wlk","timeElapsed":110,"timestamp":"2024-11-16T04:03:59.022Z"}
{"level":"info","message":"⌛ Validating blacksails.wlk","timeElapsed":110,"timestamp":"2024-11-16T04:03:59.138Z"}
{"level":"info","message":"⌛ Validating blacksails.wlk","timeElapsed":110,"timestamp":"2024-11-16T04:04:00.331Z"}
{"level":"info","message":"⌛ Validating blacksails.wlk","timeElapsed":111,"timestamp":"2024-11-16T04:04:00.861Z"}
{"level":"info","message":"⌛ Validating blacksails.wlk","timeElapsed":130,"timestamp":"2024-11-16T04:04:04.572Z"}
{"level":"info","message":"⌛ Building environment","timeElapsed":128,"timestamp":"2024-11-16T04:04:05.385Z"}
{"level":"info","message":"⌛ Validating blacksails.wlk","timeElapsed":126,"timestamp":"2024-11-16T04:04:05.513Z"}
{"level":"info","message":"⌛ Building environment","timeElapsed":123,"timestamp":"2024-11-16T04:04:06.223Z"}
{"level":"info","message":"⌛ Validating blacksails.wlk","timeElapsed":137,"timestamp":"2024-11-16T04:04:06.363Z"}
{"level":"info","message":"⌛ Building environment","timeElapsed":206,"timestamp":"2024-11-16T04:04:07.573Z"}
{"level":"info","message":"⌛ Validating blacksails.wlk","timeElapsed":278,"timestamp":"2024-11-16T04:04:07.855Z"}
{"level":"info","message":"⌛ Validating blacksails.wlk","timeElapsed":120,"timestamp":"2024-11-16T04:04:13.296Z"}
{"level":"info","message":"⌛ Validating blacksails.wlk","timeElapsed":128,"timestamp":"2024-11-16T04:04:13.534Z"}
{"level":"info","message":"⌛ Building environment","timeElapsed":117,"timestamp":"2024-11-16T04:04:13.651Z"}
{"level":"info","message":"⌛ Validating blacksails.wlk","timeElapsed":111,"timestamp":"2024-11-16T04:04:13.879Z"}
{"level":"info","message":"⌛ Validating blacksails.wlk","timeElapsed":113,"timestamp":"2024-11-16T04:04:14.085Z"}
{"level":"info","message":"⌛ Validating blacksails.wlk","timeElapsed":114,"timestamp":"2024-11-16T04:04:14.218Z"}
{"level":"info","message":"⌛ Building environment","timeElapsed":106,"timestamp":"2024-11-16T04:04:14.561Z"}
{"level":"info","message":"⌛ Validating blacksails.wlk","timeElapsed":125,"timestamp":"2024-11-16T04:04:14.705Z"}
{"level":"info","message":"⌛ Building environment","timeElapsed":125,"timestamp":"2024-11-16T04:04:14.948Z"}
{"level":"info","message":"⌛ Validating blacksails.wlk","timeElapsed":118,"timestamp":"2024-11-16T04:04:15.071Z"}
{"level":"info","message":"⌛ Validating blacksails.wlk","timeElapsed":116,"timestamp":"2024-11-16T04:04:15.187Z"}
{"level":"info","message":"⌛ Validating blacksails.wlk","timeElapsed":117,"timestamp":"2024-11-16T04:04:15.405Z"}
{"level":"info","message":"⌛ Building environment","timeElapsed":151,"timestamp":"2024-11-16T04:04:31.142Z"}
{"level":"info","message":"⌛ Validating blacksails.wlk","timeElapsed":124,"timestamp":"2024-11-16T04:04:31.268Z"}
{"level":"info","message":"⌛ Building environment","timeElapsed":142,"timestamp":"2024-11-16T04:04:31.636Z"}
{"level":"info","message":"⌛ Building environment","timeElapsed":127,"timestamp":"2024-11-16T04:04:31.769Z"}
{"level":"info","message":"⌛ Building environment","timeElapsed":105,"timestamp":"2024-11-16T04:04:31.882Z"}
{"level":"info","message":"⌛ Validating blacksails.wlk","timeElapsed":134,"timestamp":"2024-11-16T04:04:32.203Z"}
{"level":"info","message":"⌛ Building environment","timeElapsed":104,"timestamp":"2024-11-16T04:04:32.308Z"}
{"level":"info","message":"⌛ Validating blacksails.wlk","timeElapsed":122,"timestamp":"2024-11-16T04:04:32.430Z"}
{"level":"info","message":"⌛ Validating blacksails.wlk","timeElapsed":115,"timestamp":"2024-11-16T04:04:32.545Z"}
{"level":"info","message":"⌛ Validating blacksails.wlk","timeElapsed":116,"timestamp":"2024-11-16T04:04:32.768Z"}
{"level":"info","message":"⌛ Validating blacksails.wlk","timeElapsed":123,"timestamp":"2024-11-16T04:04:32.898Z"}
{"level":"info","message":"⌛ Validating blacksails.wlk","timeElapsed":121,"timestamp":"2024-11-16T04:04:33.107Z"}
{"level":"info","message":"⌛ Validating blacksails.wlk","timeElapsed":114,"timestamp":"2024-11-16T04:04:33.528Z"}
{"level":"info","message":"⌛ Validating blacksails.wlk","timeElapsed":115,"timestamp":"2024-11-16T04:04:33.736Z"}
{"level":"info","message":"⌛ Building environment","timeElapsed":137,"timestamp":"2024-11-16T04:04:33.873Z"}
{"level":"error","message":"✘ Failed to rebuild document Failed to parse blacksails.wlk: \n-- PARSING FAILED --------------------------------------------------\n\n  13 |     override method peligrosidad() = 2000000\n  14 |     method\n> 15 | }\n     | ^\n  16 | \n  17 | class HombreLobo inherits Monstruo{\n\nExpected one of the following: \n\n'!=', '!==', '%', '&&', '*', '**', '+', '-', '->', '..', '..<', '/', '<', '<<', '<<<', '<=', '<=>', '<>', '==', '===', '>', '>..', '>=', '>>', '>>>', '?:', '@', 'and', 'class', 'const', 'describe', 'invert', 'mixin', 'negate', 'object', 'only', 'or', 'package', 'plus', 'program', 'test', 'var', '{', '||', EOF, comment, identifier, not \"}\r\n\r\n\", whitespace\n","stack":"Error: Failed to parse blacksails.wlk: \n-- PARSING FAILED --------------------------------------------------\n\n  13 |     override method peligrosidad() = 2000000\n  14 |     method\n> 15 | }\n     | ^\n  16 | \n  17 | class HombreLobo inherits Monstruo{\n\nExpected one of the following: \n\n'!=', '!==', '%', '&&', '*', '**', '+', '-', '->', '..', '..<', '/', '<', '<<', '<<<', '<=', '<=>', '<>', '==', '===', '>', '>..', '>=', '>>', '>>>', '?:', '@', 'and', 'class', 'const', 'describe', 'invert', 'mixin', 'negate', 'object', 'only', 'or', 'package', 'plus', 'program', 'test', 'var', '{', '||', EOF, comment, identifier, not \"}\r\n\r\n\", whitespace\n\n    at c:\\Users\\chest\\.vscode\\extensions\\uqbar.wollok-lsp-ide-0.3.6\\out\\server\\src\\server.js:2254:32415\n    at Array.map (<anonymous>)\n    at Jfn (c:\\Users\\chest\\.vscode\\extensions\\uqbar.wollok-lsp-ide-0.3.6\\out\\server\\src\\server.js:2254:32339)\n    at k2.buildEnvironmentFrom (c:\\Users\\chest\\.vscode\\extensions\\uqbar.wollok-lsp-ide-0.3.6\\out\\server\\src\\server.js:2285:6721)\n    at k2.updateEnvironmentWith (c:\\Users\\chest\\.vscode\\extensions\\uqbar.wollok-lsp-ide-0.3.6\\out\\server\\src\\server.js:2285:6456)\n    at jL (c:\\Users\\chest\\.vscode\\extensions\\uqbar.wollok-lsp-ide-0.3.6\\out\\server\\src\\server.js:2298:2292)\n    at v3.invoke (c:\\Users\\chest\\.vscode\\extensions\\uqbar.wollok-lsp-ide-0.3.6\\out\\server\\src\\server.js:3:157200)\n    at o.fire (c:\\Users\\chest\\.vscode\\extensions\\uqbar.wollok-lsp-ide-0.3.6\\out\\server\\src\\server.js:3:157970)\n    at c:\\Users\\chest\\.vscode\\extensions\\uqbar.wollok-lsp-ide-0.3.6\\out\\server\\src\\server.js:37:57871\n    at Vr (c:\\Users\\chest\\.vscode\\extensions\\uqbar.wollok-lsp-ide-0.3.6\\out\\server\\src\\server.js:8:1561)","timestamp":"2024-11-16T04:04:33.889Z"}
{"level":"info","message":"⌛ Validating blacksails.wlk","timeElapsed":131,"timestamp":"2024-11-16T04:04:34.020Z"}
{"level":"error","message":"✘ Failed to rebuild document Failed to parse blacksails.wlk: \n-- PARSING FAILED --------------------------------------------------\n\n  13 |     override method peligrosidad() = 2000000\n  14 |     method \n> 15 | }\n     | ^\n  16 | \n  17 | class HombreLobo inherits Monstruo{\n\nExpected one of the following: \n\n'!=', '!==', '%', '&&', '*', '**', '+', '-', '->', '..', '..<', '/', '<', '<<', '<<<', '<=', '<=>', '<>', '==', '===', '>', '>..', '>=', '>>', '>>>', '?:', '@', 'and', 'class', 'const', 'describe', 'invert', 'mixin', 'negate', 'object', 'only', 'or', 'package', 'plus', 'program', 'test', 'var', '{', '||', EOF, comment, identifier, not \"}\r\n\r\n\", whitespace\n","stack":"Error: Failed to parse blacksails.wlk: \n-- PARSING FAILED --------------------------------------------------\n\n  13 |     override method peligrosidad() = 2000000\n  14 |     method \n> 15 | }\n     | ^\n  16 | \n  17 | class HombreLobo inherits Monstruo{\n\nExpected one of the following: \n\n'!=', '!==', '%', '&&', '*', '**', '+', '-', '->', '..', '..<', '/', '<', '<<', '<<<', '<=', '<=>', '<>', '==', '===', '>', '>..', '>=', '>>', '>>>', '?:', '@', 'and', 'class', 'const', 'describe', 'invert', 'mixin', 'negate', 'object', 'only', 'or', 'package', 'plus', 'program', 'test', 'var', '{', '||', EOF, comment, identifier, not \"}\r\n\r\n\", whitespace\n\n    at c:\\Users\\chest\\.vscode\\extensions\\uqbar.wollok-lsp-ide-0.3.6\\out\\server\\src\\server.js:2254:32415\n    at Array.map (<anonymous>)\n    at Jfn (c:\\Users\\chest\\.vscode\\extensions\\uqbar.wollok-lsp-ide-0.3.6\\out\\server\\src\\server.js:2254:32339)\n    at k2.buildEnvironmentFrom (c:\\Users\\chest\\.vscode\\extensions\\uqbar.wollok-lsp-ide-0.3.6\\out\\server\\src\\server.js:2285:6721)\n    at k2.updateEnvironmentWith (c:\\Users\\chest\\.vscode\\extensions\\uqbar.wollok-lsp-ide-0.3.6\\out\\server\\src\\server.js:2285:6456)\n    at jL (c:\\Users\\chest\\.vscode\\extensions\\uqbar.wollok-lsp-ide-0.3.6\\out\\server\\src\\server.js:2298:2292)\n    at v3.invoke (c:\\Users\\chest\\.vscode\\extensions\\uqbar.wollok-lsp-ide-0.3.6\\out\\server\\src\\server.js:3:157200)\n    at o.fire (c:\\Users\\chest\\.vscode\\extensions\\uqbar.wollok-lsp-ide-0.3.6\\out\\server\\src\\server.js:3:157970)\n    at c:\\Users\\chest\\.vscode\\extensions\\uqbar.wollok-lsp-ide-0.3.6\\out\\server\\src\\server.js:37:57871\n    at Vr (c:\\Users\\chest\\.vscode\\extensions\\uqbar.wollok-lsp-ide-0.3.6\\out\\server\\src\\server.js:8:1561)","timestamp":"2024-11-16T04:04:34.026Z"}
{"level":"info","message":"onRequest - completionItem/resolve","timestamp":"2024-11-16T04:04:34.027Z"}
{"level":"info","message":"⌛ Validating blacksails.wlk","timeElapsed":120,"timestamp":"2024-11-16T04:04:34.147Z"}
{"level":"info","message":"⌛ Validating blacksails.wlk","timeElapsed":114,"timestamp":"2024-11-16T04:04:34.261Z"}
{"level":"info","message":"⌛ Validating blacksails.wlk","timeElapsed":186,"timestamp":"2024-11-16T04:04:34.451Z"}
{"level":"info","message":"⌛ Validating blacksails.wlk","timeElapsed":111,"timestamp":"2024-11-16T04:04:34.562Z"}
{"level":"info","message":"⌛ Validating blacksails.wlk","timeElapsed":116,"timestamp":"2024-11-16T04:04:34.980Z"}
{"level":"info","message":"⌛ Validating blacksails.wlk","timeElapsed":142,"timestamp":"2024-11-16T04:04:35.124Z"}
{"level":"info","message":"⌛ Validating blacksails.wlk","timeElapsed":109,"timestamp":"2024-11-16T04:04:35.233Z"}
{"level":"info","message":"⌛ Building environment","timeElapsed":116,"timestamp":"2024-11-16T04:04:35.351Z"}
{"level":"info","message":"⌛ Building environment","timeElapsed":101,"timestamp":"2024-11-16T04:04:35.567Z"}
{"level":"info","message":"⌛ Validating blacksails.wlk","timeElapsed":118,"timestamp":"2024-11-16T04:04:35.686Z"}
{"level":"info","message":"⌛ Validating blacksails.wlk","timeElapsed":118,"timestamp":"2024-11-16T04:04:35.804Z"}
{"level":"info","message":"⌛ Validating blacksails.wlk","timeElapsed":113,"timestamp":"2024-11-16T04:04:36.010Z"}
{"level":"info","message":"⌛ Validating blacksails.wlk","timeElapsed":106,"timestamp":"2024-11-16T04:04:36.228Z"}
{"level":"info","message":"⌛ Validating blacksails.wlk","timeElapsed":118,"timestamp":"2024-11-16T04:04:36.353Z"}
{"level":"info","message":"⌛ Validating blacksails.wlk","timeElapsed":121,"timestamp":"2024-11-16T04:04:36.570Z"}
{"level":"info","message":"⌛ Validating blacksails.wlk","timeElapsed":110,"timestamp":"2024-11-16T04:04:36.795Z"}
{"level":"info","message":"⌛ Building environment","timeElapsed":122,"timestamp":"2024-11-16T04:04:36.940Z"}
{"level":"info","message":"⌛ Validating blacksails.wlk","timeElapsed":116,"timestamp":"2024-11-16T04:04:37.077Z"}
{"level":"info","message":"⌛ Validating blacksails.wlk","timeElapsed":116,"timestamp":"2024-11-16T04:04:37.313Z"}
{"level":"info","message":"⌛ Validating blacksails.wlk","timeElapsed":113,"timestamp":"2024-11-16T04:04:37.520Z"}
{"level":"info","message":"⌛ Validating blacksails.wlk","timeElapsed":116,"timestamp":"2024-11-16T04:04:37.730Z"}
{"level":"info","message":"⌛ Validating blacksails.wlk","timeElapsed":117,"timestamp":"2024-11-16T04:04:37.937Z"}
{"level":"info","message":"⌛ Validating blacksails.wlk","timeElapsed":112,"timestamp":"2024-11-16T04:04:39.434Z"}
{"level":"info","message":"⌛ Validating blacksails.wlk","timeElapsed":112,"timestamp":"2024-11-16T04:04:40.435Z"}
{"level":"info","message":"⌛ Validating blacksails.wlk","timeElapsed":120,"timestamp":"2024-11-16T04:04:40.656Z"}
{"level":"info","message":"⌛ Validating blacksails.wlk","timeElapsed":114,"timestamp":"2024-11-16T04:04:40.860Z"}
{"level":"info","message":"⌛ Building environment","timeElapsed":147,"timestamp":"2024-11-16T04:04:41.009Z"}
{"level":"info","message":"⌛ Validating blacksails.wlk","timeElapsed":142,"timestamp":"2024-11-16T04:04:41.254Z"}
{"level":"info","message":"⌛ Validating blacksails.wlk","timeElapsed":124,"timestamp":"2024-11-16T04:04:41.379Z"}
{"level":"info","message":"⌛ Validating blacksails.wlk","timeElapsed":123,"timestamp":"2024-11-16T04:04:41.694Z"}
{"level":"error","message":"✘ Failed to rebuild document Failed to parse blacksails.wlk: \n-- PARSING FAILED --------------------------------------------------\n\n  13 |     override method peligrosidad() = 2000000\n  14 |     method \n> 15 | }\n     | ^\n  16 | \n  17 | class HombreLobo inherits Monstruo{\n\nExpected one of the following: \n\n'!=', '!==', '%', '&&', '*', '**', '+', '-', '->', '..', '..<', '/', '<', '<<', '<<<', '<=', '<=>', '<>', '==', '===', '>', '>..', '>=', '>>', '>>>', '?:', '@', 'and', 'class', 'const', 'describe', 'invert', 'mixin', 'negate', 'object', 'only', 'or', 'package', 'plus', 'program', 'test', 'var', '{', '||', EOF, comment, identifier, not \"}\r\n\r\n\", whitespace\n","stack":"Error: Failed to parse blacksails.wlk: \n-- PARSING FAILED --------------------------------------------------\n\n  13 |     override method peligrosidad() = 2000000\n  14 |     method \n> 15 | }\n     | ^\n  16 | \n  17 | class HombreLobo inherits Monstruo{\n\nExpected one of the following: \n\n'!=', '!==', '%', '&&', '*', '**', '+', '-', '->', '..', '..<', '/', '<', '<<', '<<<', '<=', '<=>', '<>', '==', '===', '>', '>..', '>=', '>>', '>>>', '?:', '@', 'and', 'class', 'const', 'describe', 'invert', 'mixin', 'negate', 'object', 'only', 'or', 'package', 'plus', 'program', 'test', 'var', '{', '||', EOF, comment, identifier, not \"}\r\n\r\n\", whitespace\n\n    at c:\\Users\\chest\\.vscode\\extensions\\uqbar.wollok-lsp-ide-0.3.6\\out\\server\\src\\server.js:2254:32415\n    at Array.map (<anonymous>)\n    at Jfn (c:\\Users\\chest\\.vscode\\extensions\\uqbar.wollok-lsp-ide-0.3.6\\out\\server\\src\\server.js:2254:32339)\n    at k2.buildEnvironmentFrom (c:\\Users\\chest\\.vscode\\extensions\\uqbar.wollok-lsp-ide-0.3.6\\out\\server\\src\\server.js:2285:6721)\n    at k2.updateEnvironmentWith (c:\\Users\\chest\\.vscode\\extensions\\uqbar.wollok-lsp-ide-0.3.6\\out\\server\\src\\server.js:2285:6456)\n    at jL (c:\\Users\\chest\\.vscode\\extensions\\uqbar.wollok-lsp-ide-0.3.6\\out\\server\\src\\server.js:2298:2292)\n    at v3.invoke (c:\\Users\\chest\\.vscode\\extensions\\uqbar.wollok-lsp-ide-0.3.6\\out\\server\\src\\server.js:3:157200)\n    at o.fire (c:\\Users\\chest\\.vscode\\extensions\\uqbar.wollok-lsp-ide-0.3.6\\out\\server\\src\\server.js:3:157970)\n    at c:\\Users\\chest\\.vscode\\extensions\\uqbar.wollok-lsp-ide-0.3.6\\out\\server\\src\\server.js:37:57871\n    at Vr (c:\\Users\\chest\\.vscode\\extensions\\uqbar.wollok-lsp-ide-0.3.6\\out\\server\\src\\server.js:8:1561)","timestamp":"2024-11-16T04:04:41.723Z"}
{"level":"info","message":"⌛ Validating blacksails.wlk","timeElapsed":114,"timestamp":"2024-11-16T04:04:41.838Z"}
{"level":"info","message":"⌛ Validating blacksails.wlk","timeElapsed":121,"timestamp":"2024-11-16T04:04:42.167Z"}
{"level":"info","message":"⌛ Validating blacksails.wlk","timeElapsed":119,"timestamp":"2024-11-16T04:04:42.291Z"}
{"level":"info","message":"⌛ Validating blacksails.wlk","timeElapsed":112,"timestamp":"2024-11-16T04:04:42.617Z"}
{"level":"info","message":"⌛ Validating blacksails.wlk","timeElapsed":117,"timestamp":"2024-11-16T04:04:42.832Z"}
{"level":"info","message":"⌛ Validating blacksails.wlk","timeElapsed":111,"timestamp":"2024-11-16T04:04:43.066Z"}
{"level":"info","message":"⌛ Building environment","timeElapsed":150,"timestamp":"2024-11-16T04:04:43.216Z"}
{"level":"info","message":"⌛ Validating blacksails.wlk","timeElapsed":121,"timestamp":"2024-11-16T04:04:43.338Z"}
{"level":"info","message":"⌛ Validating blacksails.wlk","timeElapsed":118,"timestamp":"2024-11-16T04:04:43.660Z"}
{"level":"info","message":"⌛ Validating blacksails.wlk","timeElapsed":112,"timestamp":"2024-11-16T04:04:43.774Z"}
{"level":"info","message":"⌛ Validating blacksails.wlk","timeElapsed":162,"timestamp":"2024-11-16T04:04:43.941Z"}
{"level":"info","message":"⌛ Validating blacksails.wlk","timeElapsed":117,"timestamp":"2024-11-16T04:04:44.367Z"}
{"level":"info","message":"⌛ Validating blacksails.wlk","timeElapsed":142,"timestamp":"2024-11-16T04:04:44.608Z"}
{"level":"info","message":"⌛ Building environment","timeElapsed":112,"timestamp":"2024-11-16T04:04:44.744Z"}
{"level":"info","message":"⌛ Validating blacksails.wlk","timeElapsed":118,"timestamp":"2024-11-16T04:04:44.866Z"}
{"level":"info","message":"⌛ Validating blacksails.wlk","timeElapsed":117,"timestamp":"2024-11-16T04:04:45.077Z"}
{"level":"info","message":"⌛ Validating blacksails.wlk","timeElapsed":114,"timestamp":"2024-11-16T04:04:45.195Z"}
{"level":"info","message":"⌛ Validating blacksails.wlk","timeElapsed":111,"timestamp":"2024-11-16T04:04:45.395Z"}
{"level":"info","message":"⌛ Validating blacksails.wlk","timeElapsed":124,"timestamp":"2024-11-16T04:04:45.524Z"}
{"level":"info","message":"⌛ Building environment","timeElapsed":125,"timestamp":"2024-11-16T04:04:45.794Z"}
{"level":"info","message":"⌛ Validating blacksails.wlk","timeElapsed":124,"timestamp":"2024-11-16T04:04:45.920Z"}
{"level":"info","message":"⌛ Validating blacksails.wlk","timeElapsed":120,"timestamp":"2024-11-16T04:04:46.131Z"}
{"level":"info","message":"⌛ Validating blacksails.wlk","timeElapsed":121,"timestamp":"2024-11-16T04:04:46.343Z"}
{"level":"error","message":"✘ Completions for node failed: Error: [Return]{613b57} at blacksails.wlk:-- exhausted all cases without a match [Return]{613b57} at blacksails.wlk:-- exhausted all cases without a match","stack":"Error: [Return]{613b57} at blacksails.wlk:-- exhausted all cases without a match\n    at c:\\Users\\chest\\.vscode\\extensions\\uqbar.wollok-lsp-ide-0.3.6\\out\\server\\src\\server.js:38:6067\n    at yh (c:\\Users\\chest\\.vscode\\extensions\\uqbar.wollok-lsp-ide-0.3.6\\out\\server\\src\\server.js:2291:42)\n    at kh (c:\\Users\\chest\\.vscode\\extensions\\uqbar.wollok-lsp-ide-0.3.6\\out\\server\\src\\server.js:2291:1004)\n    at Y5n (c:\\Users\\chest\\.vscode\\extensions\\uqbar.wollok-lsp-ide-0.3.6\\out\\server\\src\\server.js:2291:1160)\n    at c:\\Users\\chest\\.vscode\\extensions\\uqbar.wollok-lsp-ide-0.3.6\\out\\server\\src\\server.js:38:6056\n    at yh (c:\\Users\\chest\\.vscode\\extensions\\uqbar.wollok-lsp-ide-0.3.6\\out\\server\\src\\server.js:2291:42)\n    at c:\\Users\\chest\\.vscode\\extensions\\uqbar.wollok-lsp-ide-0.3.6\\out\\server\\src\\server.js:2291:2700\n    at c:\\Users\\chest\\.vscode\\extensions\\uqbar.wollok-lsp-ide-0.3.6\\out\\server\\src\\server.js:2298:3774\n    at c:\\Users\\chest\\.vscode\\extensions\\uqbar.wollok-lsp-ide-0.3.6\\out\\server\\src\\server.js:37:74872\n    at Fe (c:\\Users\\chest\\.vscode\\extensions\\uqbar.wollok-lsp-ide-0.3.6\\out\\server\\src\\server.js:7:8527)","timestamp":"2024-11-16T04:04:46.449Z"}
{"level":"info","message":"⌛ Validating blacksails.wlk","timeElapsed":115,"timestamp":"2024-11-16T04:04:46.569Z"}
{"level":"info","message":"onRequest - completionItem/resolve","timestamp":"2024-11-16T04:04:46.569Z"}
{"level":"info","message":"⌛ Validating blacksails.wlk","timeElapsed":120,"timestamp":"2024-11-16T04:04:46.979Z"}
{"level":"error","message":"✘ Completions for node failed: Error: [Return]{7b829c} at blacksails.wlk:-- exhausted all cases without a match [Return]{7b829c} at blacksails.wlk:-- exhausted all cases without a match","stack":"Error: [Return]{7b829c} at blacksails.wlk:-- exhausted all cases without a match\n    at c:\\Users\\chest\\.vscode\\extensions\\uqbar.wollok-lsp-ide-0.3.6\\out\\server\\src\\server.js:38:6067\n    at yh (c:\\Users\\chest\\.vscode\\extensions\\uqbar.wollok-lsp-ide-0.3.6\\out\\server\\src\\server.js:2291:42)\n    at kh (c:\\Users\\chest\\.vscode\\extensions\\uqbar.wollok-lsp-ide-0.3.6\\out\\server\\src\\server.js:2291:1004)\n    at Y5n (c:\\Users\\chest\\.vscode\\extensions\\uqbar.wollok-lsp-ide-0.3.6\\out\\server\\src\\server.js:2291:1160)\n    at c:\\Users\\chest\\.vscode\\extensions\\uqbar.wollok-lsp-ide-0.3.6\\out\\server\\src\\server.js:38:6056\n    at yh (c:\\Users\\chest\\.vscode\\extensions\\uqbar.wollok-lsp-ide-0.3.6\\out\\server\\src\\server.js:2291:42)\n    at c:\\Users\\chest\\.vscode\\extensions\\uqbar.wollok-lsp-ide-0.3.6\\out\\server\\src\\server.js:2291:2700\n    at c:\\Users\\chest\\.vscode\\extensions\\uqbar.wollok-lsp-ide-0.3.6\\out\\server\\src\\server.js:2298:3774\n    at c:\\Users\\chest\\.vscode\\extensions\\uqbar.wollok-lsp-ide-0.3.6\\out\\server\\src\\server.js:37:74872\n    at Fe (c:\\Users\\chest\\.vscode\\extensions\\uqbar.wollok-lsp-ide-0.3.6\\out\\server\\src\\server.js:7:8527)","timestamp":"2024-11-16T04:04:47.092Z"}
{"level":"info","message":"⌛ Validating blacksails.wlk","timeElapsed":113,"timestamp":"2024-11-16T04:04:47.297Z"}
{"level":"info","message":"⌛ Validating blacksails.wlk","timeElapsed":114,"timestamp":"2024-11-16T04:04:47.412Z"}
{"level":"info","message":"⌛ Validating blacksails.wlk","timeElapsed":108,"timestamp":"2024-11-16T04:04:49.432Z"}
{"level":"info","message":"⌛ Building environment","timeElapsed":145,"timestamp":"2024-11-16T04:04:50.167Z"}
{"level":"info","message":"⌛ Building environment","timeElapsed":112,"timestamp":"2024-11-16T04:04:50.299Z"}
{"level":"info","message":"⌛ Validating blacksails.wlk","timeElapsed":123,"timestamp":"2024-11-16T04:04:50.425Z"}
{"level":"info","message":"onRequest - completionItem/resolve","timestamp":"2024-11-16T04:04:50.426Z"}
{"level":"info","message":"onRequest - completionItem/resolve","timestamp":"2024-11-16T04:04:50.526Z"}
{"level":"info","message":"⌛ Validating blacksails.wlk","timeElapsed":123,"timestamp":"2024-11-16T04:04:50.650Z"}
{"level":"info","message":"⌛ Building environment","timeElapsed":101,"timestamp":"2024-11-16T04:04:50.752Z"}
{"level":"info","message":"onRequest - completionItem/resolve","timestamp":"2024-11-16T04:04:50.752Z"}
{"level":"info","message":"onRequest - completionItem/resolve","timestamp":"2024-11-16T04:04:50.844Z"}
{"level":"info","message":"⌛ Validating blacksails.wlk","timeElapsed":119,"timestamp":"2024-11-16T04:04:50.962Z"}
{"level":"error","message":"✘ Failed to rebuild document Failed to parse blacksails.wlk: \n-- PARSING FAILED --------------------------------------------------\n\n  14 |     method esMasMaloKraken() = true\n  15 |     method\n> 16 | }\n     | ^\n  17 | \n  18 | class HombreLobo inherits Monstruo{\n\nExpected one of the following: \n\n'!=', '!==', '%', '&&', '*', '**', '+', '-', '->', '..', '..<', '/', '<', '<<', '<<<', '<=', '<=>', '<>', '==', '===', '>', '>..', '>=', '>>', '>>>', '?:', '@', 'and', 'class', 'const', 'describe', 'invert', 'mixin', 'negate', 'object', 'only', 'or', 'package', 'plus', 'program', 'test', 'var', '{', '||', EOF, comment, identifier, not \"}\r\n\r\n\", whitespace\n","stack":"Error: Failed to parse blacksails.wlk: \n-- PARSING FAILED --------------------------------------------------\n\n  14 |     method esMasMaloKraken() = true\n  15 |     method\n> 16 | }\n     | ^\n  17 | \n  18 | class HombreLobo inherits Monstruo{\n\nExpected one of the following: \n\n'!=', '!==', '%', '&&', '*', '**', '+', '-', '->', '..', '..<', '/', '<', '<<', '<<<', '<=', '<=>', '<>', '==', '===', '>', '>..', '>=', '>>', '>>>', '?:', '@', 'and', 'class', 'const', 'describe', 'invert', 'mixin', 'negate', 'object', 'only', 'or', 'package', 'plus', 'program', 'test', 'var', '{', '||', EOF, comment, identifier, not \"}\r\n\r\n\", whitespace\n\n    at c:\\Users\\chest\\.vscode\\extensions\\uqbar.wollok-lsp-ide-0.3.6\\out\\server\\src\\server.js:2254:32415\n    at Array.map (<anonymous>)\n    at Jfn (c:\\Users\\chest\\.vscode\\extensions\\uqbar.wollok-lsp-ide-0.3.6\\out\\server\\src\\server.js:2254:32339)\n    at k2.buildEnvironmentFrom (c:\\Users\\chest\\.vscode\\extensions\\uqbar.wollok-lsp-ide-0.3.6\\out\\server\\src\\server.js:2285:6721)\n    at k2.updateEnvironmentWith (c:\\Users\\chest\\.vscode\\extensions\\uqbar.wollok-lsp-ide-0.3.6\\out\\server\\src\\server.js:2285:6456)\n    at jL (c:\\Users\\chest\\.vscode\\extensions\\uqbar.wollok-lsp-ide-0.3.6\\out\\server\\src\\server.js:2298:2292)\n    at v3.invoke (c:\\Users\\chest\\.vscode\\extensions\\uqbar.wollok-lsp-ide-0.3.6\\out\\server\\src\\server.js:3:157200)\n    at o.fire (c:\\Users\\chest\\.vscode\\extensions\\uqbar.wollok-lsp-ide-0.3.6\\out\\server\\src\\server.js:3:157970)\n    at c:\\Users\\chest\\.vscode\\extensions\\uqbar.wollok-lsp-ide-0.3.6\\out\\server\\src\\server.js:37:57871\n    at Vr (c:\\Users\\chest\\.vscode\\extensions\\uqbar.wollok-lsp-ide-0.3.6\\out\\server\\src\\server.js:8:1561)","timestamp":"2024-11-16T04:04:50.970Z"}
{"level":"info","message":"onRequest - completionItem/resolve","timestamp":"2024-11-16T04:04:50.970Z"}
{"level":"error","message":"✘ Failed to rebuild document Failed to parse blacksails.wlk: \n-- PARSING FAILED --------------------------------------------------\n\n  14 |     method esMasMaloKraken() = true\n  15 |     method \n> 16 | }\n     | ^\n  17 | \n  18 | class HombreLobo inherits Monstruo{\n\nExpected one of the following: \n\n'!=', '!==', '%', '&&', '*', '**', '+', '-', '->', '..', '..<', '/', '<', '<<', '<<<', '<=', '<=>', '<>', '==', '===', '>', '>..', '>=', '>>', '>>>', '?:', '@', 'and', 'class', 'const', 'describe', 'invert', 'mixin', 'negate', 'object', 'only', 'or', 'package', 'plus', 'program', 'test', 'var', '{', '||', EOF, comment, identifier, not \"}\r\n\r\n\", whitespace\n","stack":"Error: Failed to parse blacksails.wlk: \n-- PARSING FAILED --------------------------------------------------\n\n  14 |     method esMasMaloKraken() = true\n  15 |     method \n> 16 | }\n     | ^\n  17 | \n  18 | class HombreLobo inherits Monstruo{\n\nExpected one of the following: \n\n'!=', '!==', '%', '&&', '*', '**', '+', '-', '->', '..', '..<', '/', '<', '<<', '<<<', '<=', '<=>', '<>', '==', '===', '>', '>..', '>=', '>>', '>>>', '?:', '@', 'and', 'class', 'const', 'describe', 'invert', 'mixin', 'negate', 'object', 'only', 'or', 'package', 'plus', 'program', 'test', 'var', '{', '||', EOF, comment, identifier, not \"}\r\n\r\n\", whitespace\n\n    at c:\\Users\\chest\\.vscode\\extensions\\uqbar.wollok-lsp-ide-0.3.6\\out\\server\\src\\server.js:2254:32415\n    at Array.map (<anonymous>)\n    at Jfn (c:\\Users\\chest\\.vscode\\extensions\\uqbar.wollok-lsp-ide-0.3.6\\out\\server\\src\\server.js:2254:32339)\n    at k2.buildEnvironmentFrom (c:\\Users\\chest\\.vscode\\extensions\\uqbar.wollok-lsp-ide-0.3.6\\out\\server\\src\\server.js:2285:6721)\n    at k2.updateEnvironmentWith (c:\\Users\\chest\\.vscode\\extensions\\uqbar.wollok-lsp-ide-0.3.6\\out\\server\\src\\server.js:2285:6456)\n    at jL (c:\\Users\\chest\\.vscode\\extensions\\uqbar.wollok-lsp-ide-0.3.6\\out\\server\\src\\server.js:2298:2292)\n    at v3.invoke (c:\\Users\\chest\\.vscode\\extensions\\uqbar.wollok-lsp-ide-0.3.6\\out\\server\\src\\server.js:3:157200)\n    at o.fire (c:\\Users\\chest\\.vscode\\extensions\\uqbar.wollok-lsp-ide-0.3.6\\out\\server\\src\\server.js:3:157970)\n    at c:\\Users\\chest\\.vscode\\extensions\\uqbar.wollok-lsp-ide-0.3.6\\out\\server\\src\\server.js:37:57871\n    at Vr (c:\\Users\\chest\\.vscode\\extensions\\uqbar.wollok-lsp-ide-0.3.6\\out\\server\\src\\server.js:8:1561)","timestamp":"2024-11-16T04:04:50.978Z"}
{"level":"info","message":"onRequest - completionItem/resolve","timestamp":"2024-11-16T04:04:50.978Z"}
{"level":"info","message":"⌛ Validating blacksails.wlk","timeElapsed":114,"timestamp":"2024-11-16T04:04:51.092Z"}
{"level":"info","message":"⌛ Validating blacksails.wlk","timeElapsed":124,"timestamp":"2024-11-16T04:04:51.216Z"}
{"level":"info","message":"onRequest - completionItem/resolve","timestamp":"2024-11-16T04:04:51.308Z"}
{"level":"info","message":"⌛ Validating blacksails.wlk","timeElapsed":139,"timestamp":"2024-11-16T04:04:51.581Z"}
{"level":"info","message":"⌛ Validating blacksails.wlk","timeElapsed":122,"timestamp":"2024-11-16T04:04:51.704Z"}
{"level":"info","message":"⌛ Building environment","timeElapsed":118,"timestamp":"2024-11-16T04:04:51.823Z"}
{"level":"info","message":"⌛ Validating blacksails.wlk","timeElapsed":123,"timestamp":"2024-11-16T04:04:52.066Z"}
{"level":"info","message":"⌛ Building environment","timeElapsed":113,"timestamp":"2024-11-16T04:04:52.180Z"}
{"level":"info","message":"⌛ Validating blacksails.wlk","timeElapsed":120,"timestamp":"2024-11-16T04:04:52.320Z"}
{"level":"info","message":"⌛ Validating blacksails.wlk","timeElapsed":121,"timestamp":"2024-11-16T04:04:52.627Z"}
{"level":"info","message":"⌛ Validating blacksails.wlk","timeElapsed":115,"timestamp":"2024-11-16T04:04:52.852Z"}
{"level":"info","message":"⌛ Validating blacksails.wlk","timeElapsed":113,"timestamp":"2024-11-16T04:04:53.066Z"}
{"level":"info","message":"⌛ Validating blacksails.wlk","timeElapsed":117,"timestamp":"2024-11-16T04:04:53.272Z"}
{"level":"info","message":"⌛ Building environment","timeElapsed":134,"timestamp":"2024-11-16T04:04:53.411Z"}
{"level":"info","message":"⌛ Validating blacksails.wlk","timeElapsed":113,"timestamp":"2024-11-16T04:04:53.525Z"}
{"level":"info","message":"⌛ Validating blacksails.wlk","timeElapsed":113,"timestamp":"2024-11-16T04:04:53.639Z"}
{"level":"info","message":"⌛ Validating blacksails.wlk","timeElapsed":111,"timestamp":"2024-11-16T04:04:53.852Z"}
{"level":"info","message":"⌛ Building environment","timeElapsed":128,"timestamp":"2024-11-16T04:04:53.987Z"}
{"level":"info","message":"⌛ Validating blacksails.wlk","timeElapsed":110,"timestamp":"2024-11-16T04:04:54.097Z"}
{"level":"info","message":"⌛ Validating blacksails.wlk","timeElapsed":112,"timestamp":"2024-11-16T04:04:54.215Z"}
{"level":"info","message":"⌛ Validating blacksails.wlk","timeElapsed":117,"timestamp":"2024-11-16T04:04:54.535Z"}
{"level":"info","message":"⌛ Validating blacksails.wlk","timeElapsed":117,"timestamp":"2024-11-16T04:04:54.765Z"}
{"level":"info","message":"⌛ Validating blacksails.wlk","timeElapsed":117,"timestamp":"2024-11-16T04:04:54.974Z"}
{"level":"error","message":"✘ Completions for node failed: Error: [Return]{8a5984} at blacksails.wlk:-- exhausted all cases without a match [Return]{8a5984} at blacksails.wlk:-- exhausted all cases without a match","stack":"Error: [Return]{8a5984} at blacksails.wlk:-- exhausted all cases without a match\n    at c:\\Users\\chest\\.vscode\\extensions\\uqbar.wollok-lsp-ide-0.3.6\\out\\server\\src\\server.js:38:6067\n    at yh (c:\\Users\\chest\\.vscode\\extensions\\uqbar.wollok-lsp-ide-0.3.6\\out\\server\\src\\server.js:2291:42)\n    at kh (c:\\Users\\chest\\.vscode\\extensions\\uqbar.wollok-lsp-ide-0.3.6\\out\\server\\src\\server.js:2291:1004)\n    at Y5n (c:\\Users\\chest\\.vscode\\extensions\\uqbar.wollok-lsp-ide-0.3.6\\out\\server\\src\\server.js:2291:1160)\n    at c:\\Users\\chest\\.vscode\\extensions\\uqbar.wollok-lsp-ide-0.3.6\\out\\server\\src\\server.js:38:6056\n    at yh (c:\\Users\\chest\\.vscode\\extensions\\uqbar.wollok-lsp-ide-0.3.6\\out\\server\\src\\server.js:2291:42)\n    at c:\\Users\\chest\\.vscode\\extensions\\uqbar.wollok-lsp-ide-0.3.6\\out\\server\\src\\server.js:2291:2700\n    at c:\\Users\\chest\\.vscode\\extensions\\uqbar.wollok-lsp-ide-0.3.6\\out\\server\\src\\server.js:2298:3774\n    at c:\\Users\\chest\\.vscode\\extensions\\uqbar.wollok-lsp-ide-0.3.6\\out\\server\\src\\server.js:37:74872\n    at Fe (c:\\Users\\chest\\.vscode\\extensions\\uqbar.wollok-lsp-ide-0.3.6\\out\\server\\src\\server.js:7:8527)","timestamp":"2024-11-16T04:04:55.089Z"}
{"level":"info","message":"⌛ Validating blacksails.wlk","timeElapsed":120,"timestamp":"2024-11-16T04:04:55.214Z"}
{"level":"info","message":"onRequest - completionItem/resolve","timestamp":"2024-11-16T04:04:55.215Z"}
{"level":"info","message":"⌛ Building environment","timeElapsed":158,"timestamp":"2024-11-16T04:04:55.376Z"}
{"level":"info","message":"onRequest - completionItem/resolve","timestamp":"2024-11-16T04:04:55.376Z"}
{"level":"error","message":"✘ Completions for node failed: Error: [Return]{9589f0} at blacksails.wlk:-- exhausted all cases without a match [Return]{9589f0} at blacksails.wlk:-- exhausted all cases without a match","stack":"Error: [Return]{9589f0} at blacksails.wlk:-- exhausted all cases without a match\n    at c:\\Users\\chest\\.vscode\\extensions\\uqbar.wollok-lsp-ide-0.3.6\\out\\server\\src\\server.js:38:6067\n    at yh (c:\\Users\\chest\\.vscode\\extensions\\uqbar.wollok-lsp-ide-0.3.6\\out\\server\\src\\server.js:2291:42)\n    at kh (c:\\Users\\chest\\.vscode\\extensions\\uqbar.wollok-lsp-ide-0.3.6\\out\\server\\src\\server.js:2291:1004)\n    at Y5n (c:\\Users\\chest\\.vscode\\extensions\\uqbar.wollok-lsp-ide-0.3.6\\out\\server\\src\\server.js:2291:1160)\n    at c:\\Users\\chest\\.vscode\\extensions\\uqbar.wollok-lsp-ide-0.3.6\\out\\server\\src\\server.js:38:6056\n    at yh (c:\\Users\\chest\\.vscode\\extensions\\uqbar.wollok-lsp-ide-0.3.6\\out\\server\\src\\server.js:2291:42)\n    at c:\\Users\\chest\\.vscode\\extensions\\uqbar.wollok-lsp-ide-0.3.6\\out\\server\\src\\server.js:2291:2700\n    at c:\\Users\\chest\\.vscode\\extensions\\uqbar.wollok-lsp-ide-0.3.6\\out\\server\\src\\server.js:2298:3774\n    at c:\\Users\\chest\\.vscode\\extensions\\uqbar.wollok-lsp-ide-0.3.6\\out\\server\\src\\server.js:37:74872\n    at Fe (c:\\Users\\chest\\.vscode\\extensions\\uqbar.wollok-lsp-ide-0.3.6\\out\\server\\src\\server.js:7:8527)","timestamp":"2024-11-16T04:04:55.498Z"}
{"level":"info","message":"⌛ Validating blacksails.wlk","timeElapsed":128,"timestamp":"2024-11-16T04:04:55.730Z"}
{"level":"info","message":"⌛ Validating blacksails.wlk","timeElapsed":119,"timestamp":"2024-11-16T04:04:55.850Z"}
{"level":"info","message":"⌛ Validating blacksails.wlk","timeElapsed":112,"timestamp":"2024-11-16T04:04:55.968Z"}
{"level":"info","message":"⌛ Validating blacksails.wlk","timeElapsed":115,"timestamp":"2024-11-16T04:04:58.891Z"}
{"level":"info","message":"⌛ Validating blacksails.wlk","timeElapsed":119,"timestamp":"2024-11-16T04:04:59.103Z"}
{"level":"info","message":"⌛ Building environment","timeElapsed":109,"timestamp":"2024-11-16T04:04:59.218Z"}
{"level":"info","message":"⌛ Validating blacksails.wlk","timeElapsed":122,"timestamp":"2024-11-16T04:04:59.345Z"}
{"level":"info","message":"⌛ Validating blacksails.wlk","timeElapsed":123,"timestamp":"2024-11-16T04:04:59.663Z"}
{"level":"info","message":"⌛ Validating blacksails.wlk","timeElapsed":120,"timestamp":"2024-11-16T04:04:59.784Z"}
{"level":"info","message":"⌛ Validating blacksails.wlk","timeElapsed":116,"timestamp":"2024-11-16T04:05:00.284Z"}
{"level":"info","message":"⌛ Validating blacksails.wlk","timeElapsed":110,"timestamp":"2024-11-16T04:05:00.395Z"}
{"level":"info","message":"⌛ Validating blacksails.wlk","timeElapsed":109,"timestamp":"2024-11-16T04:05:00.505Z"}
{"level":"info","message":"⌛ Validating blacksails.wlk","timeElapsed":111,"timestamp":"2024-11-16T04:05:00.620Z"}
{"level":"info","message":"⌛ Building environment","timeElapsed":310,"timestamp":"2024-11-16T04:06:34.094Z"}
{"level":"info","message":"⌛ Validating blacksails.wlk","timeElapsed":194,"timestamp":"2024-11-16T04:06:34.291Z"}
{"level":"info","message":"⌛ Building environment","timeElapsed":257,"timestamp":"2024-11-16T04:06:34.740Z"}
{"level":"info","message":"⌛ Building environment","timeElapsed":180,"timestamp":"2024-11-16T04:06:34.922Z"}
{"level":"info","message":"⌛ Validating blacksails.wlk","timeElapsed":145,"timestamp":"2024-11-16T04:06:35.073Z"}
{"level":"info","message":"⌛ Validating file:///c%3A/Users/chest/repo/2024-simulacro-objetos-sabregu/example.wlk","timeElapsed":105,"timestamp":"2024-11-16T04:06:35.181Z"}
{"level":"info","message":"⌛ Validating blacksails.wlk","timeElapsed":111,"timestamp":"2024-11-16T04:06:35.389Z"}
